Loading classifier db.endturn...
Loading training data...
Loading test data...
Computing pValue...
Score is 0.443908498723
pValue step 0/20 done: 0 were better (last score was -0.0568808905068)
pValue step 1/20 done: 0 were better (last score was -0.0577821533764)
pValue step 2/20 done: 0 were better (last score was -0.0587076746709)
pValue step 3/20 done: 0 were better (last score was -0.0637712878437)
pValue step 4/20 done: 0 were better (last score was -0.0668300724962)
pValue step 5/20 done: 0 were better (last score was -0.0672019936452)
pValue step 6/20 done: 0 were better (last score was -0.0653086643239)
pValue step 7/20 done: 0 were better (last score was -0.0572601775569)
pValue step 8/20 done: 0 were better (last score was -0.0579887695211)
pValue step 9/20 done: 0 were better (last score was -0.0640898613188)
pValue step 10/20 done: 0 were better (last score was -0.0537394669919)
pValue step 11/20 done: 0 were better (last score was -0.0573537745227)
pValue step 12/20 done: 0 were better (last score was -0.0701992706898)
pValue step 13/20 done: 0 were better (last score was -0.0629725892253)
pValue step 14/20 done: 0 were better (last score was -0.0566682414848)
pValue step 15/20 done: 0 were better (last score was -0.0642848395057)
pValue step 16/20 done: 0 were better (last score was -0.0589847099338)
pValue step 17/20 done: 0 were better (last score was -0.0614005005126)
pValue step 18/20 done: 0 were better (last score was -0.0587784972755)
pValue step 19/20 done: 0 were better (last score was -0.0485564715617)
pValue is 0.0
Loading classifier db.play...
Loading training data...
Loading test data...
Computing pValue...
Score is 0.629181278334
pValue step 0/20 done: 0 were better (last score was -0.0412295100315)
pValue step 1/20 done: 0 were better (last score was -0.0321505182872)
pValue step 2/20 done: 0 were better (last score was -0.0363788409471)
pValue step 3/20 done: 0 were better (last score was -0.0346798107204)
pValue step 4/20 done: 0 were better (last score was -0.0386657047668)
pValue step 5/20 done: 0 were better (last score was -0.036250675131)
pValue step 6/20 done: 0 were better (last score was -0.036378231093)
pValue step 7/20 done: 0 were better (last score was -0.039274447166)
pValue step 8/20 done: 0 were better (last score was -0.0382753707674)
pValue step 9/20 done: 0 were better (last score was -0.036592170913)
pValue step 10/20 done: 0 were better (last score was -0.0346118177455)
pValue step 11/20 done: 0 were better (last score was -0.0400720121267)
pValue step 12/20 done: 0 were better (last score was -0.0341475010582)
pValue step 13/20 done: 0 were better (last score was -0.0393863684377)
pValue step 14/20 done: 0 were better (last score was -0.032090739081)
pValue step 15/20 done: 0 were better (last score was -0.0468273348017)
pValue step 16/20 done: 0 were better (last score was -0.038963929164)
pValue step 17/20 done: 0 were better (last score was -0.0437313010224)
