
Loading classifier db.play...
Loading test data, from line #0 to line #50000...
Updating error...
Error is now 764.523234682
Loading test data, from line #50000 to line #100000...
Updating error...
Error is now 1496.17555038
Loading test data, from line #100000 to line #150000...
Updating error...
Error is now 2266.01581823
Loading test data, from line #150000 to line #200000...
Updating error...
Error is now 3091.10688569
Loading test data, from line #200000 to line #250000...
Updating error...
Error is now 3943.26427635
Loading test data, from line #250000 to line #300000...
Updating error...
Error is now 4806.18023747
Loading test data, from line #300000 to line #350000...
Updating error...
Error is now 5691.91229451
Loading test data, from line #350000 to line #400000...
Updating error...
Error is now 6603.78784806
Loading test data, from line #400000 to line #450000...
Updating error...
Error is now 7540.89138293
Loading test data, from line #450000 to line #500000...
Updating error...
Error is now 8483.59833526
Loading test data, from line #500000 to line #550000...
Updating error...
Error is now 9442.38593202
Loading test data, from line #550000 to line #600000...
Updating error...
Error is now 10433.6295525
Loading test data, from line #600000 to line #650000...
Updating error...
Error is now 11434.1649402
Loading test data, from line #636105 to line #686105...
Updating error...
Error is now 12467.0952283
In [2]: hu.normalizeScore(hu.dbs[0], 12467.0952283)
Out[2]: 0.59230082105131854

Loading classifier db.target...
Loading test data, from line #0 to line #50000...
Updating error...
Error is now 611.363939254
Loading test data, from line #50000 to line #100000...
Updating error...
Error is now 1217.50228989
Loading test data, from line #100000 to line #150000...
Updating error...
Error is now 1863.89327984
Loading test data, from line #150000 to line #200000...
Updating error...
Error is now 2525.10654296
Loading test data, from line #200000 to line #250000...
Updating error...
Error is now 3211.77157453
Loading test data, from line #250000 to line #300000...
Updating error...
Error is now 3968.99969404
Loading test data, from line #300000 to line #350000...
Updating error...
Error is now 4706.104216
Loading test data, from line #350000 to line #400000...
Updating error...
Error is now 5459.46705054
Loading test data, from line #400000 to line #450000...
Updating error...
Error is now 6270.10562717
Loading test data, from line #444016 to line #494016...
Updating error...
Error is now 7074.00441453
In [3]: hu.normalizeScore(hu.dbs[1], 7074.00441453)
Out[3]: 0.67261588509320624
